{
  "D:\\myProjects\\PewNews\\src\\index.js": {
    "path": "D:\\myProjects\\PewNews\\src\\index.js",
    "statementMap": {
      "0": {
        "start": { "line": 9, "column": 0 },
        "end": { "line": 14, "column": 2 }
      }
    },
    "fnMap": {},
    "branchMap": {},
    "s": { "0": 0 },
    "f": {},
    "b": {},
    "hash": "342bd6b29db7ad9b7c16c510891008fd1f7bf8ab"
  },
  "D:\\myProjects\\PewNews\\src\\js\\api\\index.js": {
    "path": "D:\\myProjects\\PewNews\\src\\js\\api\\index.js",
    "statementMap": {
      "0": {
        "start": { "line": 4, "column": 28 },
        "end": { "line": 4, "column": 75 }
      },
      "1": {
        "start": { "line": 4, "column": 34 },
        "end": { "line": 4, "column": 75 }
      },
      "2": {
        "start": { "line": 6, "column": 31 },
        "end": { "line": 7, "column": 50 }
      },
      "3": {
        "start": { "line": 7, "column": 2 },
        "end": { "line": 7, "column": 50 }
      },
      "4": {
        "start": { "line": 9, "column": 29 },
        "end": { "line": 10, "column": 50 }
      },
      "5": {
        "start": { "line": 10, "column": 2 },
        "end": { "line": 10, "column": 50 }
      },
      "6": {
        "start": { "line": 12, "column": 28 },
        "end": { "line": 13, "column": 48 }
      },
      "7": {
        "start": { "line": 13, "column": 2 },
        "end": { "line": 13, "column": 48 }
      }
    },
    "fnMap": {
      "0": {
        "name": "(anonymous_0)",
        "decl": {
          "start": { "line": 4, "column": 28 },
          "end": { "line": 4, "column": 29 }
        },
        "loc": {
          "start": { "line": 4, "column": 34 },
          "end": { "line": 4, "column": 75 }
        },
        "line": 4
      },
      "1": {
        "name": "(anonymous_1)",
        "decl": {
          "start": { "line": 6, "column": 31 },
          "end": { "line": 6, "column": 32 }
        },
        "loc": {
          "start": { "line": 7, "column": 2 },
          "end": { "line": 7, "column": 50 }
        },
        "line": 7
      },
      "2": {
        "name": "(anonymous_2)",
        "decl": {
          "start": { "line": 9, "column": 29 },
          "end": { "line": 9, "column": 30 }
        },
        "loc": {
          "start": { "line": 10, "column": 2 },
          "end": { "line": 10, "column": 50 }
        },
        "line": 10
      },
      "3": {
        "name": "(anonymous_3)",
        "decl": {
          "start": { "line": 12, "column": 28 },
          "end": { "line": 12, "column": 29 }
        },
        "loc": {
          "start": { "line": 13, "column": 2 },
          "end": { "line": 13, "column": 48 }
        },
        "line": 13
      }
    },
    "branchMap": {},
    "s": { "0": 0, "1": 0, "2": 0, "3": 0, "4": 0, "5": 0, "6": 0, "7": 0 },
    "f": { "0": 0, "1": 0, "2": 0, "3": 0 },
    "b": {},
    "hash": "e9a07a517c7c7656ee26be3affb3dba68f76329a"
  },
  "D:\\myProjects\\PewNews\\src\\js\\api\\urlFactory.js": {
    "path": "D:\\myProjects\\PewNews\\src\\js\\api\\urlFactory.js",
    "statementMap": {
      "0": {
        "start": { "line": 1, "column": 16 },
        "end": { "line": 1, "column": 50 }
      },
      "1": {
        "start": { "line": 3, "column": 19 },
        "end": { "line": 12, "column": 1 }
      },
      "2": {
        "start": { "line": 5, "column": 4 },
        "end": { "line": 5, "column": 83 }
      },
      "3": {
        "start": { "line": 7, "column": 4 },
        "end": { "line": 7, "column": 54 }
      },
      "4": {
        "start": { "line": 9, "column": 4 },
        "end": { "line": 9, "column": 71 }
      },
      "5": {
        "start": { "line": 11, "column": 4 },
        "end": { "line": 11, "column": 78 }
      }
    },
    "fnMap": {
      "0": {
        "name": "(anonymous_0)",
        "decl": {
          "start": { "line": 4, "column": 21 },
          "end": { "line": 4, "column": 22 }
        },
        "loc": {
          "start": { "line": 5, "column": 4 },
          "end": { "line": 5, "column": 83 }
        },
        "line": 5
      },
      "1": {
        "name": "(anonymous_1)",
        "decl": {
          "start": { "line": 6, "column": 28 },
          "end": { "line": 6, "column": 29 }
        },
        "loc": {
          "start": { "line": 7, "column": 4 },
          "end": { "line": 7, "column": 54 }
        },
        "line": 7
      },
      "2": {
        "name": "(anonymous_2)",
        "decl": {
          "start": { "line": 8, "column": 21 },
          "end": { "line": 8, "column": 22 }
        },
        "loc": {
          "start": { "line": 9, "column": 4 },
          "end": { "line": 9, "column": 71 }
        },
        "line": 9
      },
      "3": {
        "name": "(anonymous_3)",
        "decl": {
          "start": { "line": 10, "column": 22 },
          "end": { "line": 10, "column": 23 }
        },
        "loc": {
          "start": { "line": 11, "column": 4 },
          "end": { "line": 11, "column": 78 }
        },
        "line": 11
      }
    },
    "branchMap": {},
    "s": { "0": 0, "1": 0, "2": 0, "3": 0, "4": 0, "5": 0 },
    "f": { "0": 0, "1": 0, "2": 0, "3": 0 },
    "b": {},
    "hash": "d5de8f59127b3f3e1fa37877db8e322cacc21483"
  },
  "D:\\myProjects\\PewNews\\src\\js\\appLogic\\index.js": {
    "path": "D:\\myProjects\\PewNews\\src\\js\\appLogic\\index.js",
    "statementMap": {
      "0": {
        "start": { "line": 3, "column": 31 },
        "end": { "line": 4, "column": 54 }
      },
      "1": {
        "start": { "line": 4, "column": 2 },
        "end": { "line": 4, "column": 54 }
      },
      "2": {
        "start": { "line": 6, "column": 33 },
        "end": { "line": 21, "column": 1 }
      },
      "3": {
        "start": { "line": 7, "column": 2 },
        "end": { "line": 9, "column": 3 }
      },
      "4": {
        "start": { "line": 8, "column": 4 },
        "end": { "line": 8, "column": 21 }
      },
      "5": {
        "start": { "line": 11, "column": 21 },
        "end": { "line": 11, "column": 22 }
      },
      "6": {
        "start": { "line": 12, "column": 23 },
        "end": { "line": 12, "column": 38 }
      },
      "7": {
        "start": { "line": 14, "column": 2 },
        "end": { "line": 19, "column": 3 }
      },
      "8": {
        "start": { "line": 15, "column": 4 },
        "end": { "line": 18, "column": 21 }
      },
      "9": {
        "start": { "line": 20, "column": 2 },
        "end": { "line": 20, "column": 53 }
      },
      "10": {
        "start": { "line": 23, "column": 29 },
        "end": { "line": 30, "column": 1 }
      },
      "11": {
        "start": { "line": 24, "column": 21 },
        "end": { "line": 24, "column": 45 }
      },
      "12": {
        "start": { "line": 26, "column": 2 },
        "end": { "line": 28, "column": 3 }
      },
      "13": {
        "start": { "line": 27, "column": 4 },
        "end": { "line": 27, "column": 14 }
      },
      "14": {
        "start": { "line": 29, "column": 2 },
        "end": { "line": 29, "column": 62 }
      },
      "15": {
        "start": { "line": 32, "column": 29 },
        "end": { "line": 38, "column": 1 }
      },
      "16": {
        "start": { "line": 33, "column": 19 },
        "end": { "line": 33, "column": 61 }
      },
      "17": {
        "start": { "line": 34, "column": 2 },
        "end": { "line": 36, "column": 3 }
      },
      "18": {
        "start": { "line": 35, "column": 4 },
        "end": { "line": 35, "column": 16 }
      },
      "19": {
        "start": { "line": 37, "column": 2 },
        "end": { "line": 37, "column": 14 }
      }
    },
    "fnMap": {
      "0": {
        "name": "(anonymous_0)",
        "decl": {
          "start": { "line": 3, "column": 31 },
          "end": { "line": 3, "column": 32 }
        },
        "loc": {
          "start": { "line": 4, "column": 2 },
          "end": { "line": 4, "column": 54 }
        },
        "line": 4
      },
      "1": {
        "name": "(anonymous_1)",
        "decl": {
          "start": { "line": 6, "column": 33 },
          "end": { "line": 6, "column": 34 }
        },
        "loc": {
          "start": { "line": 6, "column": 41 },
          "end": { "line": 21, "column": 1 }
        },
        "line": 6
      },
      "2": {
        "name": "(anonymous_2)",
        "decl": {
          "start": { "line": 23, "column": 29 },
          "end": { "line": 23, "column": 30 }
        },
        "loc": {
          "start": { "line": 23, "column": 52 },
          "end": { "line": 30, "column": 1 }
        },
        "line": 23
      },
      "3": {
        "name": "(anonymous_3)",
        "decl": {
          "start": { "line": 32, "column": 29 },
          "end": { "line": 32, "column": 30 }
        },
        "loc": {
          "start": { "line": 32, "column": 52 },
          "end": { "line": 38, "column": 1 }
        },
        "line": 32
      }
    },
    "branchMap": {
      "0": {
        "loc": {
          "start": { "line": 4, "column": 2 },
          "end": { "line": 4, "column": 54 }
        },
        "type": "binary-expr",
        "locations": [
          {
            "start": { "line": 4, "column": 2 },
            "end": { "line": 4, "column": 22 }
          },
          {
            "start": { "line": 4, "column": 26 },
            "end": { "line": 4, "column": 54 }
          }
        ],
        "line": 4
      },
      "1": {
        "loc": {
          "start": { "line": 7, "column": 2 },
          "end": { "line": 9, "column": 3 }
        },
        "type": "if",
        "locations": [
          {
            "start": { "line": 7, "column": 2 },
            "end": { "line": 9, "column": 3 }
          },
          {
            "start": { "line": 7, "column": 2 },
            "end": { "line": 9, "column": 3 }
          }
        ],
        "line": 7
      },
      "2": {
        "loc": {
          "start": { "line": 14, "column": 2 },
          "end": { "line": 19, "column": 3 }
        },
        "type": "if",
        "locations": [
          {
            "start": { "line": 14, "column": 2 },
            "end": { "line": 19, "column": 3 }
          },
          {
            "start": { "line": 14, "column": 2 },
            "end": { "line": 19, "column": 3 }
          }
        ],
        "line": 14
      },
      "3": {
        "loc": {
          "start": { "line": 23, "column": 30 },
          "end": { "line": 23, "column": 39 }
        },
        "type": "default-arg",
        "locations": [
          {
            "start": { "line": 23, "column": 37 },
            "end": { "line": 23, "column": 39 }
          }
        ],
        "line": 23
      },
      "4": {
        "loc": {
          "start": { "line": 26, "column": 2 },
          "end": { "line": 28, "column": 3 }
        },
        "type": "if",
        "locations": [
          {
            "start": { "line": 26, "column": 2 },
            "end": { "line": 28, "column": 3 }
          },
          {
            "start": { "line": 26, "column": 2 },
            "end": { "line": 28, "column": 3 }
          }
        ],
        "line": 26
      },
      "5": {
        "loc": {
          "start": { "line": 32, "column": 30 },
          "end": { "line": 32, "column": 39 }
        },
        "type": "default-arg",
        "locations": [
          {
            "start": { "line": 32, "column": 37 },
            "end": { "line": 32, "column": 39 }
          }
        ],
        "line": 32
      },
      "6": {
        "loc": {
          "start": { "line": 34, "column": 2 },
          "end": { "line": 36, "column": 3 }
        },
        "type": "if",
        "locations": [
          {
            "start": { "line": 34, "column": 2 },
            "end": { "line": 36, "column": 3 }
          },
          {
            "start": { "line": 34, "column": 2 },
            "end": { "line": 36, "column": 3 }
          }
        ],
        "line": 34
      }
    },
    "s": {
      "0": 1,
      "1": 6,
      "2": 1,
      "3": 3,
      "4": 1,
      "5": 2,
      "6": 2,
      "7": 2,
      "8": 1,
      "9": 1,
      "10": 1,
      "11": 6,
      "12": 6,
      "13": 1,
      "14": 5,
      "15": 1,
      "16": 5,
      "17": 5,
      "18": 1,
      "19": 4
    },
    "f": { "0": 6, "1": 3, "2": 6, "3": 5 },
    "b": {
      "0": [6, 3],
      "1": [1, 2],
      "2": [1, 1],
      "3": [1],
      "4": [1, 5],
      "5": [1],
      "6": [1, 4]
    },
    "_coverageSchema": "43e27e138ebf9cfc5966b082cf9a028302ed4184",
    "hash": "d45725da5f1c2f6d61eda7395689232b1f91ede1"
  },
  "D:\\myProjects\\PewNews\\src\\js\\components\\index.js": {
    "path": "D:\\myProjects\\PewNews\\src\\js\\components\\index.js",
    "statementMap": {},
    "fnMap": {},
    "branchMap": {},
    "s": {},
    "f": {},
    "b": {},
    "hash": "be334e77c652787dfa125129ab889eaafde107a7"
  },
  "D:\\myProjects\\PewNews\\src\\js\\components\\App\\App.js": {
    "path": "D:\\myProjects\\PewNews\\src\\js\\components\\App\\App.js",
    "statementMap": {
      "0": {
        "start": { "line": 9, "column": 4 },
        "end": { "line": 9, "column": 29 }
      },
      "1": {
        "start": { "line": 13, "column": 24 },
        "end": { "line": 13, "column": 34 }
      },
      "2": {
        "start": { "line": 15, "column": 4 },
        "end": { "line": 22, "column": 6 }
      }
    },
    "fnMap": {
      "0": {
        "name": "(anonymous_0)",
        "decl": {
          "start": { "line": 8, "column": 22 },
          "end": { "line": 8, "column": 23 }
        },
        "loc": {
          "start": { "line": 8, "column": 28 },
          "end": { "line": 10, "column": 3 }
        },
        "line": 8
      },
      "1": {
        "name": "(anonymous_1)",
        "decl": {
          "start": { "line": 12, "column": 2 },
          "end": { "line": 12, "column": 3 }
        },
        "loc": {
          "start": { "line": 12, "column": 11 },
          "end": { "line": 23, "column": 3 }
        },
        "line": 12
      }
    },
    "branchMap": {
      "0": {
        "loc": {
          "start": { "line": 20, "column": 9 },
          "end": { "line": 20, "column": 44 }
        },
        "type": "cond-expr",
        "locations": [
          {
            "start": { "line": 20, "column": 19 },
            "end": { "line": 20, "column": 37 }
          },
          {
            "start": { "line": 20, "column": 40 },
            "end": { "line": 20, "column": 44 }
          }
        ],
        "line": 20
      }
    },
    "s": { "0": 0, "1": 0, "2": 0 },
    "f": { "0": 0, "1": 0 },
    "b": { "0": [0, 0] },
    "hash": "22917b1d983f221898dfb37f2ed2708b19f2d0fa"
  },
  "D:\\myProjects\\PewNews\\src\\js\\components\\Button\\Button.js": {
    "path": "D:\\myProjects\\PewNews\\src\\js\\components\\Button\\Button.js",
    "statementMap": {
      "0": {
        "start": { "line": 4, "column": 15 },
        "end": { "line": 13, "column": 1 }
      },
      "1": {
        "start": { "line": 5, "column": 2 },
        "end": { "line": 12, "column": 11 }
      }
    },
    "fnMap": {
      "0": {
        "name": "(anonymous_0)",
        "decl": {
          "start": { "line": 4, "column": 15 },
          "end": { "line": 4, "column": 16 }
        },
        "loc": {
          "start": { "line": 5, "column": 2 },
          "end": { "line": 12, "column": 11 }
        },
        "line": 5
      }
    },
    "branchMap": {
      "0": {
        "loc": {
          "start": { "line": 4, "column": 18 },
          "end": { "line": 4, "column": 32 }
        },
        "type": "default-arg",
        "locations": [
          {
            "start": { "line": 4, "column": 30 },
            "end": { "line": 4, "column": 32 }
          }
        ],
        "line": 4
      }
    },
    "s": { "0": 0, "1": 0 },
    "f": { "0": 0 },
    "b": { "0": [0] },
    "hash": "c03b05f361a8483af771bb8fc48758cc99192c94"
  },
  "D:\\myProjects\\PewNews\\src\\js\\components\\Filter\\Filter.js": {
    "path": "D:\\myProjects\\PewNews\\src\\js\\components\\Filter\\Filter.js",
    "statementMap": {
      "0": {
        "start": { "line": 7, "column": 15 },
        "end": { "line": 44, "column": 1 }
      },
      "1": {
        "start": { "line": 14, "column": 26 },
        "end": { "line": 19, "column": 6 }
      },
      "2": {
        "start": { "line": 15, "column": 4 },
        "end": { "line": 19, "column": 6 }
      },
      "3": {
        "start": { "line": 16, "column": 6 },
        "end": { "line": 18, "column": 19 }
      },
      "4": {
        "start": { "line": 21, "column": 2 },
        "end": { "line": 23, "column": 3 }
      },
      "5": {
        "start": { "line": 22, "column": 4 },
        "end": { "line": 22, "column": 16 }
      },
      "6": {
        "start": { "line": 25, "column": 2 },
        "end": { "line": 43, "column": 4 }
      }
    },
    "fnMap": {
      "0": {
        "name": "(anonymous_0)",
        "decl": {
          "start": { "line": 7, "column": 15 },
          "end": { "line": 7, "column": 16 }
        },
        "loc": {
          "start": { "line": 13, "column": 6 },
          "end": { "line": 44, "column": 1 }
        },
        "line": 13
      },
      "1": {
        "name": "(anonymous_1)",
        "decl": {
          "start": { "line": 14, "column": 26 },
          "end": { "line": 14, "column": 27 }
        },
        "loc": {
          "start": { "line": 15, "column": 4 },
          "end": { "line": 19, "column": 6 }
        },
        "line": 15
      },
      "2": {
        "name": "(anonymous_2)",
        "decl": {
          "start": { "line": 15, "column": 43 },
          "end": { "line": 15, "column": 44 }
        },
        "loc": {
          "start": { "line": 16, "column": 6 },
          "end": { "line": 18, "column": 19 }
        },
        "line": 16
      }
    },
    "branchMap": {
      "0": {
        "loc": {
          "start": { "line": 21, "column": 2 },
          "end": { "line": 23, "column": 3 }
        },
        "type": "if",
        "locations": [
          {
            "start": { "line": 21, "column": 2 },
            "end": { "line": 23, "column": 3 }
          },
          {
            "start": { "line": 21, "column": 2 },
            "end": { "line": 23, "column": 3 }
          }
        ],
        "line": 21
      },
      "1": {
        "loc": {
          "start": { "line": 21, "column": 6 },
          "end": { "line": 21, "column": 41 }
        },
        "type": "binary-expr",
        "locations": [
          {
            "start": { "line": 21, "column": 6 },
            "end": { "line": 21, "column": 18 }
          },
          {
            "start": { "line": 21, "column": 22 },
            "end": { "line": 21, "column": 41 }
          }
        ],
        "line": 21
      },
      "2": {
        "loc": {
          "start": { "line": 28, "column": 30 },
          "end": { "line": 28, "column": 73 }
        },
        "type": "binary-expr",
        "locations": [
          {
            "start": { "line": 28, "column": 30 },
            "end": { "line": 28, "column": 41 }
          },
          {
            "start": { "line": 28, "column": 45 },
            "end": { "line": 28, "column": 73 }
          }
        ],
        "line": 28
      },
      "3": {
        "loc": {
          "start": { "line": 29, "column": 7 },
          "end": { "line": 33, "column": 7 }
        },
        "type": "binary-expr",
        "locations": [
          {
            "start": { "line": 29, "column": 7 },
            "end": { "line": 29, "column": 45 }
          },
          {
            "start": { "line": 30, "column": 8 },
            "end": { "line": 32, "column": 17 }
          }
        ],
        "line": 29
      },
      "4": {
        "loc": {
          "start": { "line": 34, "column": 7 },
          "end": { "line": 41, "column": 14 }
        },
        "type": "cond-expr",
        "locations": [
          {
            "start": { "line": 35, "column": 8 },
            "end": { "line": 40, "column": 17 }
          },
          {
            "start": { "line": 41, "column": 10 },
            "end": { "line": 41, "column": 14 }
          }
        ],
        "line": 34
      }
    },
    "s": { "0": 0, "1": 0, "2": 0, "3": 0, "4": 0, "5": 0, "6": 0 },
    "f": { "0": 0, "1": 0, "2": 0 },
    "b": { "0": [0, 0], "1": [0, 0], "2": [0, 0], "3": [0, 0], "4": [0, 0] },
    "hash": "f962df36583228051b1a29823d1e33b3c58de3a8"
  },
  "D:\\myProjects\\PewNews\\src\\js\\components\\FilterList\\FilterList.js": {
    "path": "D:\\myProjects\\PewNews\\src\\js\\components\\FilterList\\FilterList.js",
    "statementMap": {
      "0": {
        "start": { "line": 5, "column": 19 },
        "end": { "line": 14, "column": 1 }
      },
      "1": {
        "start": { "line": 6, "column": 2 },
        "end": { "line": 13, "column": 4 }
      }
    },
    "fnMap": {
      "0": {
        "name": "(anonymous_0)",
        "decl": {
          "start": { "line": 5, "column": 19 },
          "end": { "line": 5, "column": 20 }
        },
        "loc": {
          "start": { "line": 5, "column": 25 },
          "end": { "line": 14, "column": 1 }
        },
        "line": 5
      }
    },
    "branchMap": {},
    "s": { "0": 0, "1": 0 },
    "f": { "0": 0 },
    "b": {},
    "hash": "56e935288d8429f459f20c2f0f57f3c418cf8f1c"
  },
  "D:\\myProjects\\PewNews\\src\\js\\components\\LoadingOverlay\\LoadingOverlay.js": {
    "path": "D:\\myProjects\\PewNews\\src\\js\\components\\LoadingOverlay\\LoadingOverlay.js",
    "statementMap": {
      "0": {
        "start": { "line": 4, "column": 23 },
        "end": { "line": 13, "column": 1 }
      },
      "1": {
        "start": { "line": 5, "column": 2 },
        "end": { "line": 12, "column": 4 }
      }
    },
    "fnMap": {
      "0": {
        "name": "(anonymous_0)",
        "decl": {
          "start": { "line": 4, "column": 23 },
          "end": { "line": 4, "column": 24 }
        },
        "loc": {
          "start": { "line": 4, "column": 29 },
          "end": { "line": 13, "column": 1 }
        },
        "line": 4
      }
    },
    "branchMap": {},
    "s": { "0": 0, "1": 0 },
    "f": { "0": 0 },
    "b": {},
    "hash": "d5d33beee4dde2e3f58c2fd56c2d34b8db471257"
  },
  "D:\\myProjects\\PewNews\\src\\js\\components\\NewsCard\\NewsCard.js": {
    "path": "D:\\myProjects\\PewNews\\src\\js\\components\\NewsCard\\NewsCard.js",
    "statementMap": {
      "0": {
        "start": { "line": 5, "column": 17 },
        "end": { "line": 32, "column": 1 }
      },
      "1": {
        "start": { "line": 6, "column": 71 },
        "end": { "line": 6, "column": 75 }
      },
      "2": {
        "start": { "line": 8, "column": 2 },
        "end": { "line": 31, "column": 4 }
      }
    },
    "fnMap": {
      "0": {
        "name": "(anonymous_0)",
        "decl": {
          "start": { "line": 5, "column": 17 },
          "end": { "line": 5, "column": 18 }
        },
        "loc": {
          "start": { "line": 5, "column": 31 },
          "end": { "line": 32, "column": 1 }
        },
        "line": 5
      }
    },
    "branchMap": {},
    "s": { "0": 0, "1": 0, "2": 0 },
    "f": { "0": 0 },
    "b": {},
    "hash": "a45ac2088673eca949c2953bf867aa95e25f56ec"
  },
  "D:\\myProjects\\PewNews\\src\\js\\components\\NewsList\\NewsList.js": {
    "path": "D:\\myProjects\\PewNews\\src\\js\\components\\NewsList\\NewsList.js",
    "statementMap": {
      "0": {
        "start": { "line": 7, "column": 17 },
        "end": { "line": 29, "column": 1 }
      },
      "1": {
        "start": { "line": 8, "column": 27 },
        "end": { "line": 9, "column": 78 }
      },
      "2": {
        "start": { "line": 9, "column": 4 },
        "end": { "line": 9, "column": 78 }
      },
      "3": {
        "start": { "line": 9, "column": 40 },
        "end": { "line": 9, "column": 77 }
      },
      "4": {
        "start": { "line": 11, "column": 2 },
        "end": { "line": 17, "column": 3 }
      },
      "5": {
        "start": { "line": 12, "column": 4 },
        "end": { "line": 16, "column": 6 }
      },
      "6": {
        "start": { "line": 19, "column": 2 },
        "end": { "line": 28, "column": 4 }
      }
    },
    "fnMap": {
      "0": {
        "name": "(anonymous_0)",
        "decl": {
          "start": { "line": 7, "column": 17 },
          "end": { "line": 7, "column": 18 }
        },
        "loc": {
          "start": { "line": 7, "column": 66 },
          "end": { "line": 29, "column": 1 }
        },
        "line": 7
      },
      "1": {
        "name": "(anonymous_1)",
        "decl": {
          "start": { "line": 8, "column": 27 },
          "end": { "line": 8, "column": 28 }
        },
        "loc": {
          "start": { "line": 9, "column": 4 },
          "end": { "line": 9, "column": 78 }
        },
        "line": 9
      },
      "2": {
        "name": "(anonymous_2)",
        "decl": {
          "start": { "line": 9, "column": 32 },
          "end": { "line": 9, "column": 33 }
        },
        "loc": {
          "start": { "line": 9, "column": 40 },
          "end": { "line": 9, "column": 77 }
        },
        "line": 9
      }
    },
    "branchMap": {
      "0": {
        "loc": {
          "start": { "line": 11, "column": 2 },
          "end": { "line": 17, "column": 3 }
        },
        "type": "if",
        "locations": [
          {
            "start": { "line": 11, "column": 2 },
            "end": { "line": 17, "column": 3 }
          },
          {
            "start": { "line": 11, "column": 2 },
            "end": { "line": 17, "column": 3 }
          }
        ],
        "line": 11
      },
      "1": {
        "loc": {
          "start": { "line": 11, "column": 6 },
          "end": { "line": 11, "column": 41 }
        },
        "type": "binary-expr",
        "locations": [
          {
            "start": { "line": 11, "column": 6 },
            "end": { "line": 11, "column": 18 }
          },
          {
            "start": { "line": 11, "column": 22 },
            "end": { "line": 11, "column": 41 }
          }
        ],
        "line": 11
      },
      "2": {
        "loc": {
          "start": { "line": 21, "column": 7 },
          "end": { "line": 21, "column": 65 }
        },
        "type": "binary-expr",
        "locations": [
          {
            "start": { "line": 21, "column": 7 },
            "end": { "line": 21, "column": 18 }
          },
          {
            "start": { "line": 21, "column": 22 },
            "end": { "line": 21, "column": 65 }
          }
        ],
        "line": 21
      },
      "3": {
        "loc": {
          "start": { "line": 22, "column": 7 },
          "end": { "line": 26, "column": 7 }
        },
        "type": "binary-expr",
        "locations": [
          {
            "start": { "line": 22, "column": 7 },
            "end": { "line": 22, "column": 56 }
          },
          {
            "start": { "line": 23, "column": 8 },
            "end": { "line": 25, "column": 17 }
          }
        ],
        "line": 22
      }
    },
    "s": { "0": 0, "1": 0, "2": 0, "3": 0, "4": 0, "5": 0, "6": 0 },
    "f": { "0": 0, "1": 0, "2": 0 },
    "b": { "0": [0, 0], "1": [0, 0], "2": [0, 0], "3": [0, 0] },
    "hash": "44b99500802bbdc8b593963e69e53bd90836a2f9"
  },
  "D:\\myProjects\\PewNews\\src\\js\\components\\Search\\Search.js": {
    "path": "D:\\myProjects\\PewNews\\src\\js\\components\\Search\\Search.js",
    "statementMap": {
      "0": {
        "start": { "line": 9, "column": 25 },
        "end": { "line": 9, "column": 43 }
      },
      "1": {
        "start": { "line": 10, "column": 4 },
        "end": { "line": 10, "column": 62 }
      },
      "2": {
        "start": { "line": 14, "column": 4 },
        "end": { "line": 14, "column": 27 }
      },
      "3": {
        "start": { "line": 15, "column": 30 },
        "end": { "line": 15, "column": 40 }
      },
      "4": {
        "start": { "line": 16, "column": 4 },
        "end": { "line": 18, "column": 5 }
      },
      "5": {
        "start": { "line": 17, "column": 6 },
        "end": { "line": 17, "column": 38 }
      },
      "6": {
        "start": { "line": 22, "column": 4 },
        "end": { "line": 37, "column": 6 }
      }
    },
    "fnMap": {
      "0": {
        "name": "(anonymous_0)",
        "decl": {
          "start": { "line": 8, "column": 19 },
          "end": { "line": 8, "column": 20 }
        },
        "loc": {
          "start": { "line": 8, "column": 28 },
          "end": { "line": 11, "column": 3 }
        },
        "line": 8
      },
      "1": {
        "name": "(anonymous_1)",
        "decl": {
          "start": { "line": 13, "column": 16 },
          "end": { "line": 13, "column": 17 }
        },
        "loc": {
          "start": { "line": 13, "column": 25 },
          "end": { "line": 19, "column": 3 }
        },
        "line": 13
      },
      "2": {
        "name": "(anonymous_2)",
        "decl": {
          "start": { "line": 21, "column": 2 },
          "end": { "line": 21, "column": 3 }
        },
        "loc": {
          "start": { "line": 21, "column": 11 },
          "end": { "line": 38, "column": 3 }
        },
        "line": 21
      }
    },
    "branchMap": {
      "0": {
        "loc": {
          "start": { "line": 16, "column": 4 },
          "end": { "line": 18, "column": 5 }
        },
        "type": "if",
        "locations": [
          {
            "start": { "line": 16, "column": 4 },
            "end": { "line": 18, "column": 5 }
          },
          {
            "start": { "line": 16, "column": 4 },
            "end": { "line": 18, "column": 5 }
          }
        ],
        "line": 16
      }
    },
    "s": { "0": 0, "1": 0, "2": 0, "3": 0, "4": 0, "5": 0, "6": 0 },
    "f": { "0": 0, "1": 0, "2": 0 },
    "b": { "0": [0, 0] },
    "hash": "68dbcb0021670bcd9171de1b08684d6ca71896e7"
  },
  "D:\\myProjects\\PewNews\\src\\js\\components\\SourceItem\\SourceItem.js": {
    "path": "D:\\myProjects\\PewNews\\src\\js\\components\\SourceItem\\SourceItem.js",
    "statementMap": {
      "0": {
        "start": { "line": 4, "column": 19 },
        "end": { "line": 14, "column": 1 }
      },
      "1": {
        "start": { "line": 5, "column": 28 },
        "end": { "line": 7, "column": 10 }
      },
      "2": {
        "start": { "line": 6, "column": 4 },
        "end": { "line": 6, "column": 19 }
      },
      "3": {
        "start": { "line": 9, "column": 2 },
        "end": { "line": 13, "column": 4 }
      }
    },
    "fnMap": {
      "0": {
        "name": "(anonymous_0)",
        "decl": {
          "start": { "line": 4, "column": 19 },
          "end": { "line": 4, "column": 20 }
        },
        "loc": {
          "start": { "line": 4, "column": 53 },
          "end": { "line": 14, "column": 1 }
        },
        "line": 4
      },
      "1": {
        "name": "(anonymous_1)",
        "decl": {
          "start": { "line": 5, "column": 40 },
          "end": { "line": 5, "column": 41 }
        },
        "loc": {
          "start": { "line": 5, "column": 46 },
          "end": { "line": 7, "column": 3 }
        },
        "line": 5
      }
    },
    "branchMap": {},
    "s": { "0": 0, "1": 0, "2": 0, "3": 0 },
    "f": { "0": 0, "1": 0 },
    "b": {},
    "hash": "b35a520b9d4b24f5c81c12b0284223e2232d45a3"
  },
  "D:\\myProjects\\PewNews\\src\\js\\constants\\actionTypes.js": {
    "path": "D:\\myProjects\\PewNews\\src\\js\\constants\\actionTypes.js",
    "statementMap": {
      "0": {
        "start": { "line": 1, "column": 32 },
        "end": { "line": 1, "column": 50 }
      },
      "1": {
        "start": { "line": 2, "column": 32 },
        "end": { "line": 2, "column": 50 }
      },
      "2": {
        "start": { "line": 3, "column": 32 },
        "end": { "line": 3, "column": 50 }
      },
      "3": {
        "start": { "line": 5, "column": 32 },
        "end": { "line": 5, "column": 50 }
      },
      "4": {
        "start": { "line": 6, "column": 30 },
        "end": { "line": 6, "column": 46 }
      },
      "5": {
        "start": { "line": 7, "column": 24 },
        "end": { "line": 7, "column": 34 }
      },
      "6": {
        "start": { "line": 9, "column": 30 },
        "end": { "line": 9, "column": 46 }
      },
      "7": {
        "start": { "line": 10, "column": 29 },
        "end": { "line": 10, "column": 44 }
      },
      "8": {
        "start": { "line": 12, "column": 25 },
        "end": { "line": 12, "column": 36 }
      },
      "9": {
        "start": { "line": 13, "column": 29 },
        "end": { "line": 13, "column": 44 }
      }
    },
    "fnMap": {},
    "branchMap": {},
    "s": {
      "0": 1,
      "1": 1,
      "2": 1,
      "3": 1,
      "4": 1,
      "5": 1,
      "6": 1,
      "7": 1,
      "8": 1,
      "9": 1
    },
    "f": {},
    "b": {},
    "_coverageSchema": "43e27e138ebf9cfc5966b082cf9a028302ed4184",
    "hash": "c4e299f5d509abecef72714bda3ec9b3b1f13836"
  },
  "D:\\myProjects\\PewNews\\src\\js\\constants\\index.js": {
    "path": "D:\\myProjects\\PewNews\\src\\js\\constants\\index.js",
    "statementMap": {},
    "fnMap": {},
    "branchMap": {},
    "s": {},
    "f": {},
    "b": {},
    "_coverageSchema": "43e27e138ebf9cfc5966b082cf9a028302ed4184",
    "hash": "6ab2110acdae123056b2cd6810346baf4f880955"
  },
  "D:\\myProjects\\PewNews\\src\\js\\constants\\values.js": {
    "path": "D:\\myProjects\\PewNews\\src\\js\\constants\\values.js",
    "statementMap": {
      "0": {
        "start": { "line": 1, "column": 33 },
        "end": { "line": 1, "column": 34 }
      },
      "1": {
        "start": { "line": 2, "column": 33 },
        "end": { "line": 2, "column": 35 }
      },
      "2": {
        "start": { "line": 3, "column": 30 },
        "end": { "line": 3, "column": 43 }
      },
      "3": {
        "start": { "line": 4, "column": 31 },
        "end": { "line": 4, "column": 32 }
      }
    },
    "fnMap": {},
    "branchMap": {},
    "s": { "0": 1, "1": 1, "2": 1, "3": 1 },
    "f": {},
    "b": {},
    "_coverageSchema": "43e27e138ebf9cfc5966b082cf9a028302ed4184",
    "hash": "97af611884c93a12c22cf3bdd07865daa0749e82"
  },
  "D:\\myProjects\\PewNews\\src\\js\\redux\\store.js": {
    "path": "D:\\myProjects\\PewNews\\src\\js\\redux\\store.js",
    "statementMap": {
      "0": {
        "start": { "line": 7, "column": 23 },
        "end": { "line": 7, "column": 45 }
      },
      "1": {
        "start": { "line": 9, "column": 14 },
        "end": { "line": 12, "column": 1 }
      },
      "2": {
        "start": { "line": 14, "column": 0 },
        "end": { "line": 14, "column": 32 }
      }
    },
    "fnMap": {},
    "branchMap": {},
    "s": { "0": 0, "1": 0, "2": 0 },
    "f": {},
    "b": {},
    "hash": "541cadf86a15d3dd2496f3498822c8ae9382dd78"
  },
  "D:\\myProjects\\PewNews\\src\\js\\redux\\actions\\apiActions.js": {
    "path": "D:\\myProjects\\PewNews\\src\\js\\redux\\actions\\apiActions.js",
    "statementMap": {
      "0": {
        "start": { "line": 9, "column": 27 },
        "end": { "line": 9, "column": 61 }
      },
      "1": {
        "start": { "line": 9, "column": 34 },
        "end": { "line": 9, "column": 60 }
      },
      "2": {
        "start": { "line": 11, "column": 41 },
        "end": { "line": 11, "column": 75 }
      },
      "3": {
        "start": { "line": 11, "column": 48 },
        "end": { "line": 11, "column": 74 }
      },
      "4": {
        "start": { "line": 13, "column": 29 },
        "end": { "line": 16, "column": 2 }
      },
      "5": {
        "start": { "line": 13, "column": 39 },
        "end": { "line": 16, "column": 1 }
      },
      "6": {
        "start": { "line": 18, "column": 29 },
        "end": { "line": 21, "column": 2 }
      },
      "7": {
        "start": { "line": 18, "column": 39 },
        "end": { "line": 21, "column": 1 }
      },
      "8": {
        "start": { "line": 23, "column": 28 },
        "end": { "line": 26, "column": 2 }
      },
      "9": {
        "start": { "line": 23, "column": 39 },
        "end": { "line": 26, "column": 1 }
      }
    },
    "fnMap": {
      "0": {
        "name": "(anonymous_0)",
        "decl": {
          "start": { "line": 9, "column": 27 },
          "end": { "line": 9, "column": 28 }
        },
        "loc": {
          "start": { "line": 9, "column": 34 },
          "end": { "line": 9, "column": 60 }
        },
        "line": 9
      },
      "1": {
        "name": "(anonymous_1)",
        "decl": {
          "start": { "line": 11, "column": 41 },
          "end": { "line": 11, "column": 42 }
        },
        "loc": {
          "start": { "line": 11, "column": 48 },
          "end": { "line": 11, "column": 74 }
        },
        "line": 11
      },
      "2": {
        "name": "(anonymous_2)",
        "decl": {
          "start": { "line": 13, "column": 29 },
          "end": { "line": 13, "column": 30 }
        },
        "loc": {
          "start": { "line": 13, "column": 39 },
          "end": { "line": 16, "column": 1 }
        },
        "line": 13
      },
      "3": {
        "name": "(anonymous_3)",
        "decl": {
          "start": { "line": 18, "column": 29 },
          "end": { "line": 18, "column": 30 }
        },
        "loc": {
          "start": { "line": 18, "column": 39 },
          "end": { "line": 21, "column": 1 }
        },
        "line": 18
      },
      "4": {
        "name": "(anonymous_4)",
        "decl": {
          "start": { "line": 23, "column": 28 },
          "end": { "line": 23, "column": 29 }
        },
        "loc": {
          "start": { "line": 23, "column": 39 },
          "end": { "line": 26, "column": 1 }
        },
        "line": 23
      }
    },
    "branchMap": {},
    "s": {
      "0": 0,
      "1": 0,
      "2": 0,
      "3": 0,
      "4": 0,
      "5": 0,
      "6": 0,
      "7": 0,
      "8": 0,
      "9": 0
    },
    "f": { "0": 0, "1": 0, "2": 0, "3": 0, "4": 0 },
    "b": {},
    "hash": "4f446a28cd99d348f97ede4861f4447a9bf5769a"
  },
  "D:\\myProjects\\PewNews\\src\\js\\redux\\actions\\dataActions.js": {
    "path": "D:\\myProjects\\PewNews\\src\\js\\redux\\actions\\dataActions.js",
    "statementMap": {
      "0": {
        "start": { "line": 3, "column": 30 },
        "end": { "line": 6, "column": 2 }
      },
      "1": {
        "start": { "line": 3, "column": 50 },
        "end": { "line": 6, "column": 1 }
      },
      "2": {
        "start": { "line": 8, "column": 28 },
        "end": { "line": 10, "column": 2 }
      },
      "3": {
        "start": { "line": 8, "column": 35 },
        "end": { "line": 10, "column": 1 }
      },
      "4": {
        "start": { "line": 12, "column": 23 },
        "end": { "line": 14, "column": 1 }
      },
      "5": {
        "start": { "line": 13, "column": 2 },
        "end": { "line": 13, "column": 43 }
      }
    },
    "fnMap": {
      "0": {
        "name": "(anonymous_0)",
        "decl": {
          "start": { "line": 3, "column": 30 },
          "end": { "line": 3, "column": 31 }
        },
        "loc": {
          "start": { "line": 3, "column": 50 },
          "end": { "line": 6, "column": 1 }
        },
        "line": 3
      },
      "1": {
        "name": "(anonymous_1)",
        "decl": {
          "start": { "line": 8, "column": 28 },
          "end": { "line": 8, "column": 29 }
        },
        "loc": {
          "start": { "line": 8, "column": 35 },
          "end": { "line": 10, "column": 1 }
        },
        "line": 8
      },
      "2": {
        "name": "(anonymous_2)",
        "decl": {
          "start": { "line": 12, "column": 23 },
          "end": { "line": 12, "column": 24 }
        },
        "loc": {
          "start": { "line": 12, "column": 31 },
          "end": { "line": 14, "column": 1 }
        },
        "line": 12
      }
    },
    "branchMap": {},
    "s": { "0": 0, "1": 0, "2": 0, "3": 0, "4": 0, "5": 0 },
    "f": { "0": 0, "1": 0, "2": 0 },
    "b": {},
    "hash": "f85858b3e20d2f2e00604e210f31533d9199e2f0"
  },
  "D:\\myProjects\\PewNews\\src\\js\\redux\\actions\\filterActions.js": {
    "path": "D:\\myProjects\\PewNews\\src\\js\\redux\\actions\\filterActions.js",
    "statementMap": {
      "0": {
        "start": { "line": 3, "column": 30 },
        "end": { "line": 5, "column": 2 }
      },
      "1": {
        "start": { "line": 3, "column": 37 },
        "end": { "line": 5, "column": 1 }
      },
      "2": {
        "start": { "line": 7, "column": 34 },
        "end": { "line": 9, "column": 2 }
      },
      "3": {
        "start": { "line": 7, "column": 41 },
        "end": { "line": 9, "column": 1 }
      }
    },
    "fnMap": {
      "0": {
        "name": "(anonymous_0)",
        "decl": {
          "start": { "line": 3, "column": 30 },
          "end": { "line": 3, "column": 31 }
        },
        "loc": {
          "start": { "line": 3, "column": 37 },
          "end": { "line": 5, "column": 1 }
        },
        "line": 3
      },
      "1": {
        "name": "(anonymous_1)",
        "decl": {
          "start": { "line": 7, "column": 34 },
          "end": { "line": 7, "column": 35 }
        },
        "loc": {
          "start": { "line": 7, "column": 41 },
          "end": { "line": 9, "column": 1 }
        },
        "line": 7
      }
    },
    "branchMap": {},
    "s": { "0": 0, "1": 0, "2": 0, "3": 0 },
    "f": { "0": 0, "1": 0 },
    "b": {},
    "hash": "60b240ea95d5c16f5eddcda786dfca9c4ca93d03"
  },
  "D:\\myProjects\\PewNews\\src\\js\\redux\\actions\\index.js": {
    "path": "D:\\myProjects\\PewNews\\src\\js\\redux\\actions\\index.js",
    "statementMap": {},
    "fnMap": {},
    "branchMap": {},
    "s": {},
    "f": {},
    "b": {},
    "hash": "d3e871a522e933e46df668fbe6d5f6f4aec41d65"
  },
  "D:\\myProjects\\PewNews\\src\\js\\redux\\containers\\AppContainer.js": {
    "path": "D:\\myProjects\\PewNews\\src\\js\\redux\\containers\\AppContainer.js",
    "statementMap": {
      "0": {
        "start": { "line": 6, "column": 24 },
        "end": { "line": 9, "column": 2 }
      },
      "1": {
        "start": { "line": 6, "column": 34 },
        "end": { "line": 9, "column": 1 }
      },
      "2": {
        "start": { "line": 11, "column": 27 },
        "end": { "line": 17, "column": 3 }
      },
      "3": {
        "start": { "line": 12, "column": 2 },
        "end": { "line": 17, "column": 3 }
      }
    },
    "fnMap": {
      "0": {
        "name": "(anonymous_0)",
        "decl": {
          "start": { "line": 6, "column": 24 },
          "end": { "line": 6, "column": 25 }
        },
        "loc": {
          "start": { "line": 6, "column": 34 },
          "end": { "line": 9, "column": 1 }
        },
        "line": 6
      },
      "1": {
        "name": "(anonymous_1)",
        "decl": {
          "start": { "line": 11, "column": 27 },
          "end": { "line": 11, "column": 28 }
        },
        "loc": {
          "start": { "line": 12, "column": 2 },
          "end": { "line": 17, "column": 3 }
        },
        "line": 12
      }
    },
    "branchMap": {},
    "s": { "0": 0, "1": 0, "2": 0, "3": 0 },
    "f": { "0": 0, "1": 0 },
    "b": {},
    "hash": "dbe6742a4ae1192adc111d4c3329b78181da4760"
  },
  "D:\\myProjects\\PewNews\\src\\js\\redux\\containers\\FilterContainer.js": {
    "path": "D:\\myProjects\\PewNews\\src\\js\\redux\\containers\\FilterContainer.js",
    "statementMap": {
      "0": {
        "start": { "line": 6, "column": 24 },
        "end": { "line": 9, "column": 2 }
      },
      "1": {
        "start": { "line": 6, "column": 34 },
        "end": { "line": 9, "column": 1 }
      },
      "2": {
        "start": { "line": 11, "column": 27 },
        "end": { "line": 19, "column": 3 }
      },
      "3": {
        "start": { "line": 12, "column": 2 },
        "end": { "line": 19, "column": 3 }
      }
    },
    "fnMap": {
      "0": {
        "name": "(anonymous_0)",
        "decl": {
          "start": { "line": 6, "column": 24 },
          "end": { "line": 6, "column": 25 }
        },
        "loc": {
          "start": { "line": 6, "column": 34 },
          "end": { "line": 9, "column": 1 }
        },
        "line": 6
      },
      "1": {
        "name": "(anonymous_1)",
        "decl": {
          "start": { "line": 11, "column": 27 },
          "end": { "line": 11, "column": 28 }
        },
        "loc": {
          "start": { "line": 12, "column": 2 },
          "end": { "line": 19, "column": 3 }
        },
        "line": 12
      }
    },
    "branchMap": {},
    "s": { "0": 0, "1": 0, "2": 0, "3": 0 },
    "f": { "0": 0, "1": 0 },
    "b": {},
    "hash": "c2813d30b09f035c208d9c29c6a9cc70fcc369aa"
  },
  "D:\\myProjects\\PewNews\\src\\js\\redux\\containers\\NewsListContainer.js": {
    "path": "D:\\myProjects\\PewNews\\src\\js\\redux\\containers\\NewsListContainer.js",
    "statementMap": {
      "0": {
        "start": { "line": 6, "column": 24 },
        "end": { "line": 9, "column": 2 }
      },
      "1": {
        "start": { "line": 6, "column": 34 },
        "end": { "line": 9, "column": 1 }
      },
      "2": {
        "start": { "line": 11, "column": 27 },
        "end": { "line": 17, "column": 3 }
      },
      "3": {
        "start": { "line": 12, "column": 2 },
        "end": { "line": 17, "column": 3 }
      }
    },
    "fnMap": {
      "0": {
        "name": "(anonymous_0)",
        "decl": {
          "start": { "line": 6, "column": 24 },
          "end": { "line": 6, "column": 25 }
        },
        "loc": {
          "start": { "line": 6, "column": 34 },
          "end": { "line": 9, "column": 1 }
        },
        "line": 6
      },
      "1": {
        "name": "(anonymous_1)",
        "decl": {
          "start": { "line": 11, "column": 27 },
          "end": { "line": 11, "column": 28 }
        },
        "loc": {
          "start": { "line": 12, "column": 2 },
          "end": { "line": 17, "column": 3 }
        },
        "line": 12
      }
    },
    "branchMap": {},
    "s": { "0": 0, "1": 0, "2": 0, "3": 0 },
    "f": { "0": 0, "1": 0 },
    "b": {},
    "hash": "2c281dc45e6383ed236cf63c47425223157a7a4a"
  },
  "D:\\myProjects\\PewNews\\src\\js\\redux\\containers\\SearchContainer.js": {
    "path": "D:\\myProjects\\PewNews\\src\\js\\redux\\containers\\SearchContainer.js",
    "statementMap": {
      "0": {
        "start": { "line": 6, "column": 27 },
        "end": { "line": 12, "column": 3 }
      },
      "1": {
        "start": { "line": 7, "column": 2 },
        "end": { "line": 12, "column": 3 }
      }
    },
    "fnMap": {
      "0": {
        "name": "(anonymous_0)",
        "decl": {
          "start": { "line": 6, "column": 27 },
          "end": { "line": 6, "column": 28 }
        },
        "loc": {
          "start": { "line": 7, "column": 2 },
          "end": { "line": 12, "column": 3 }
        },
        "line": 7
      }
    },
    "branchMap": {},
    "s": { "0": 0, "1": 0 },
    "f": { "0": 0 },
    "b": {},
    "hash": "e15977021a89d0de01e0fa78a9d3d508c044e435"
  },
  "D:\\myProjects\\PewNews\\src\\js\\redux\\containers\\index.js": {
    "path": "D:\\myProjects\\PewNews\\src\\js\\redux\\containers\\index.js",
    "statementMap": {},
    "fnMap": {},
    "branchMap": {},
    "s": {},
    "f": {},
    "b": {},
    "hash": "7ca9a6bc3c8049c377ef90fc3beb532905c5baa7"
  },
  "D:\\myProjects\\PewNews\\src\\js\\redux\\reducers\\apiReducer.js": {
    "path": "D:\\myProjects\\PewNews\\src\\js\\redux\\reducers\\apiReducer.js",
    "statementMap": {
      "0": {
        "start": { "line": 9, "column": 21 },
        "end": { "line": 12, "column": 1 }
      },
      "1": {
        "start": { "line": 14, "column": 17 },
        "end": { "line": 29, "column": 1 }
      },
      "2": {
        "start": { "line": 15, "column": 2 },
        "end": { "line": 28, "column": 3 }
      },
      "3": {
        "start": { "line": 17, "column": 6 },
        "end": { "line": 17, "column": 54 }
      },
      "4": {
        "start": { "line": 19, "column": 6 },
        "end": { "line": 19, "column": 54 }
      },
      "5": {
        "start": { "line": 21, "column": 6 },
        "end": { "line": 21, "column": 54 }
      },
      "6": {
        "start": { "line": 23, "column": 6 },
        "end": { "line": 23, "column": 65 }
      },
      "7": {
        "start": { "line": 25, "column": 6 },
        "end": { "line": 25, "column": 42 }
      },
      "8": {
        "start": { "line": 27, "column": 6 },
        "end": { "line": 27, "column": 19 }
      }
    },
    "fnMap": {
      "0": {
        "name": "(anonymous_0)",
        "decl": {
          "start": { "line": 14, "column": 17 },
          "end": { "line": 14, "column": 18 }
        },
        "loc": {
          "start": { "line": 14, "column": 51 },
          "end": { "line": 29, "column": 1 }
        },
        "line": 14
      }
    },
    "branchMap": {
      "0": {
        "loc": {
          "start": { "line": 14, "column": 18 },
          "end": { "line": 14, "column": 38 }
        },
        "type": "default-arg",
        "locations": [
          {
            "start": { "line": 14, "column": 26 },
            "end": { "line": 14, "column": 38 }
          }
        ],
        "line": 14
      },
      "1": {
        "loc": {
          "start": { "line": 15, "column": 2 },
          "end": { "line": 28, "column": 3 }
        },
        "type": "switch",
        "locations": [
          {
            "start": { "line": 16, "column": 4 },
            "end": { "line": 17, "column": 54 }
          },
          {
            "start": { "line": 18, "column": 4 },
            "end": { "line": 19, "column": 54 }
          },
          {
            "start": { "line": 20, "column": 4 },
            "end": { "line": 21, "column": 54 }
          },
          {
            "start": { "line": 22, "column": 4 },
            "end": { "line": 23, "column": 65 }
          },
          {
            "start": { "line": 24, "column": 4 },
            "end": { "line": 25, "column": 42 }
          },
          {
            "start": { "line": 26, "column": 4 },
            "end": { "line": 27, "column": 19 }
          }
        ],
        "line": 15
      }
    },
    "s": {
      "0": 0,
      "1": 0,
      "2": 0,
      "3": 0,
      "4": 0,
      "5": 0,
      "6": 0,
      "7": 0,
      "8": 0
    },
    "f": { "0": 0 },
    "b": { "0": [0], "1": [0, 0, 0, 0, 0, 0] },
    "hash": "7e4973121d414de8cb8ea9f413b3aa15ccccf23a"
  },
  "D:\\myProjects\\PewNews\\src\\js\\redux\\reducers\\dataReducer.js": {
    "path": "D:\\myProjects\\PewNews\\src\\js\\redux\\reducers\\dataReducer.js",
    "statementMap": {
      "0": {
        "start": { "line": 8, "column": 21 },
        "end": { "line": 12, "column": 1 }
      },
      "1": {
        "start": { "line": 14, "column": 18 },
        "end": { "line": 35, "column": 1 }
      },
      "2": {
        "start": { "line": 15, "column": 2 },
        "end": { "line": 34, "column": 3 }
      },
      "3": {
        "start": { "line": 17, "column": 6 },
        "end": { "line": 21, "column": 8 }
      },
      "4": {
        "start": { "line": 23, "column": 6 },
        "end": { "line": 26, "column": 8 }
      },
      "5": {
        "start": { "line": 28, "column": 6 },
        "end": { "line": 31, "column": 8 }
      },
      "6": {
        "start": { "line": 33, "column": 6 },
        "end": { "line": 33, "column": 19 }
      }
    },
    "fnMap": {
      "0": {
        "name": "(anonymous_0)",
        "decl": {
          "start": { "line": 14, "column": 18 },
          "end": { "line": 14, "column": 19 }
        },
        "loc": {
          "start": { "line": 14, "column": 52 },
          "end": { "line": 35, "column": 1 }
        },
        "line": 14
      }
    },
    "branchMap": {
      "0": {
        "loc": {
          "start": { "line": 14, "column": 19 },
          "end": { "line": 14, "column": 39 }
        },
        "type": "default-arg",
        "locations": [
          {
            "start": { "line": 14, "column": 27 },
            "end": { "line": 14, "column": 39 }
          }
        ],
        "line": 14
      },
      "1": {
        "loc": {
          "start": { "line": 15, "column": 2 },
          "end": { "line": 34, "column": 3 }
        },
        "type": "switch",
        "locations": [
          {
            "start": { "line": 16, "column": 4 },
            "end": { "line": 21, "column": 8 }
          },
          {
            "start": { "line": 22, "column": 4 },
            "end": { "line": 26, "column": 8 }
          },
          {
            "start": { "line": 27, "column": 4 },
            "end": { "line": 31, "column": 8 }
          },
          {
            "start": { "line": 32, "column": 4 },
            "end": { "line": 33, "column": 19 }
          }
        ],
        "line": 15
      }
    },
    "s": { "0": 0, "1": 0, "2": 0, "3": 0, "4": 0, "5": 0, "6": 0 },
    "f": { "0": 0 },
    "b": { "0": [0], "1": [0, 0, 0, 0] },
    "hash": "ede6fadda2704079030e99df3b2ddf84db4d7f5d"
  },
  "D:\\myProjects\\PewNews\\src\\js\\redux\\reducers\\filterReducer.js": {
    "path": "D:\\myProjects\\PewNews\\src\\js\\redux\\reducers\\filterReducer.js",
    "statementMap": {
      "0": {
        "start": { "line": 3, "column": 21 },
        "end": { "line": 5, "column": 1 }
      },
      "1": {
        "start": { "line": 7, "column": 20 },
        "end": { "line": 22, "column": 1 }
      },
      "2": {
        "start": { "line": 8, "column": 2 },
        "end": { "line": 21, "column": 3 }
      },
      "3": {
        "start": { "line": 10, "column": 6 },
        "end": { "line": 13, "column": 8 }
      },
      "4": {
        "start": { "line": 15, "column": 6 },
        "end": { "line": 18, "column": 8 }
      },
      "5": {
        "start": { "line": 20, "column": 6 },
        "end": { "line": 20, "column": 19 }
      }
    },
    "fnMap": {
      "0": {
        "name": "(anonymous_0)",
        "decl": {
          "start": { "line": 7, "column": 20 },
          "end": { "line": 7, "column": 21 }
        },
        "loc": {
          "start": { "line": 7, "column": 54 },
          "end": { "line": 22, "column": 1 }
        },
        "line": 7
      }
    },
    "branchMap": {
      "0": {
        "loc": {
          "start": { "line": 7, "column": 21 },
          "end": { "line": 7, "column": 41 }
        },
        "type": "default-arg",
        "locations": [
          {
            "start": { "line": 7, "column": 29 },
            "end": { "line": 7, "column": 41 }
          }
        ],
        "line": 7
      },
      "1": {
        "loc": {
          "start": { "line": 8, "column": 2 },
          "end": { "line": 21, "column": 3 }
        },
        "type": "switch",
        "locations": [
          {
            "start": { "line": 9, "column": 4 },
            "end": { "line": 13, "column": 8 }
          },
          {
            "start": { "line": 14, "column": 4 },
            "end": { "line": 18, "column": 8 }
          },
          {
            "start": { "line": 19, "column": 4 },
            "end": { "line": 20, "column": 19 }
          }
        ],
        "line": 8
      }
    },
    "s": { "0": 0, "1": 0, "2": 0, "3": 0, "4": 0, "5": 0 },
    "f": { "0": 0 },
    "b": { "0": [0], "1": [0, 0, 0] },
    "hash": "1b85c0c9da262edccfa96fc1279d8f7314b3f72c"
  },
  "D:\\myProjects\\PewNews\\src\\js\\redux\\reducers\\index.js": {
    "path": "D:\\myProjects\\PewNews\\src\\js\\redux\\reducers\\index.js",
    "statementMap": {},
    "fnMap": {},
    "branchMap": {},
    "s": {},
    "f": {},
    "b": {},
    "hash": "be34e0909325d6f34d2b7ddda6ec377245fa65ca"
  },
  "D:\\myProjects\\PewNews\\src\\js\\redux\\sagas\\saga.js": {
    "path": "D:\\myProjects\\PewNews\\src\\js\\redux\\sagas\\saga.js",
    "statementMap": {
      "0": {
        "start": { "line": 21, "column": 2 },
        "end": { "line": 31, "column": 3 }
      },
      "1": {
        "start": { "line": 22, "column": 21 },
        "end": { "line": 22, "column": 45 }
      },
      "2": {
        "start": { "line": 23, "column": 21 },
        "end": { "line": 23, "column": 29 }
      },
      "3": {
        "start": { "line": 24, "column": 28 },
        "end": { "line": 24, "column": 55 }
      },
      "4": {
        "start": { "line": 25, "column": 24 },
        "end": { "line": 25, "column": 44 }
      },
      "5": {
        "start": { "line": 27, "column": 4 },
        "end": { "line": 27, "column": 66 }
      },
      "6": {
        "start": { "line": 28, "column": 4 },
        "end": { "line": 28, "column": 43 }
      },
      "7": {
        "start": { "line": 30, "column": 4 },
        "end": { "line": 30, "column": 36 }
      },
      "8": {
        "start": { "line": 35, "column": 2 },
        "end": { "line": 43, "column": 3 }
      },
      "9": {
        "start": { "line": 36, "column": 21 },
        "end": { "line": 36, "column": 62 }
      },
      "10": {
        "start": { "line": 37, "column": 17 },
        "end": { "line": 37, "column": 39 }
      },
      "11": {
        "start": { "line": 39, "column": 4 },
        "end": { "line": 39, "column": 29 }
      },
      "12": {
        "start": { "line": 40, "column": 4 },
        "end": { "line": 40, "column": 43 }
      },
      "13": {
        "start": { "line": 42, "column": 4 },
        "end": { "line": 42, "column": 36 }
      },
      "14": {
        "start": { "line": 47, "column": 2 },
        "end": { "line": 55, "column": 3 }
      },
      "15": {
        "start": { "line": 48, "column": 21 },
        "end": { "line": 48, "column": 61 }
      },
      "16": {
        "start": { "line": 49, "column": 17 },
        "end": { "line": 49, "column": 39 }
      },
      "17": {
        "start": { "line": 51, "column": 4 },
        "end": { "line": 51, "column": 29 }
      },
      "18": {
        "start": { "line": 52, "column": 4 },
        "end": { "line": 52, "column": 43 }
      },
      "19": {
        "start": { "line": 54, "column": 4 },
        "end": { "line": 54, "column": 36 }
      },
      "20": {
        "start": { "line": 59, "column": 2 },
        "end": { "line": 59, "column": 58 }
      },
      "21": {
        "start": { "line": 60, "column": 2 },
        "end": { "line": 60, "column": 54 }
      },
      "22": {
        "start": { "line": 61, "column": 2 },
        "end": { "line": 61, "column": 55 }
      }
    },
    "fnMap": {
      "0": {
        "name": "initialRequestsSaga",
        "decl": {
          "start": { "line": 20, "column": 10 },
          "end": { "line": 20, "column": 29 }
        },
        "loc": {
          "start": { "line": 20, "column": 32 },
          "end": { "line": 32, "column": 1 }
        },
        "line": 20
      },
      "1": {
        "name": "sourceRequestsSaga",
        "decl": {
          "start": { "line": 34, "column": 10 },
          "end": { "line": 34, "column": 28 }
        },
        "loc": {
          "start": { "line": 34, "column": 37 },
          "end": { "line": 44, "column": 1 }
        },
        "line": 34
      },
      "2": {
        "name": "searchRequestsSaga",
        "decl": {
          "start": { "line": 46, "column": 10 },
          "end": { "line": 46, "column": 28 }
        },
        "loc": {
          "start": { "line": 46, "column": 37 },
          "end": { "line": 56, "column": 1 }
        },
        "line": 46
      },
      "3": {
        "name": "watcherSaga",
        "decl": {
          "start": { "line": 58, "column": 17 },
          "end": { "line": 58, "column": 28 }
        },
        "loc": {
          "start": { "line": 58, "column": 31 },
          "end": { "line": 62, "column": 1 }
        },
        "line": 58
      }
    },
    "branchMap": {},
    "s": {
      "0": 0,
      "1": 0,
      "2": 0,
      "3": 0,
      "4": 0,
      "5": 0,
      "6": 0,
      "7": 0,
      "8": 0,
      "9": 0,
      "10": 0,
      "11": 0,
      "12": 0,
      "13": 0,
      "14": 0,
      "15": 0,
      "16": 0,
      "17": 0,
      "18": 0,
      "19": 0,
      "20": 0,
      "21": 0,
      "22": 0
    },
    "f": { "0": 0, "1": 0, "2": 0, "3": 0 },
    "b": {},
    "hash": "5dcccb830b2b84e3e55260fb54f7e20882df63c4"
  }
}
